     8 : nkpt
    10 : nstsv

     1   0.000000000       0.000000000       0.000000000     : k-point, vkl
 (state, eigenvalue and occupancy below)
     1  -2.255197988       2.000000000    
     2 -0.1051036163       2.000000000    
     3  0.7482281091       0.000000000    
     4  0.7489417690       0.000000000    
     5  0.7498618422       0.000000000    
     6  0.9144218121       0.000000000    
     7  0.9156083384       0.000000000    
     8  0.9156282016       0.000000000    
     9  0.9526982235       0.000000000    
    10  0.9538147036       0.000000000    


     2  0.2500000000       0.000000000       0.000000000     : k-point, vkl
 (state, eigenvalue and occupancy below)
     1  -2.265716575       2.000000000    
     2 -0.1505146319       2.000000000    
     3  0.4841318005       0.000000000    
     4  0.6138940141       0.000000000    
     5  0.6649804377       0.000000000    
     6  0.7301437637       0.000000000    
     7  0.7926489423       0.000000000    
     8  0.9139126584       0.000000000    
     9   1.017415381       0.000000000    
    10   1.115461567       0.000000000    


     3  0.5000000000       0.000000000       0.000000000     : k-point, vkl
 (state, eigenvalue and occupancy below)
     1  -2.254905421       2.000000000    
     2  0.2234486049       0.000000000    
     3  0.3172650254       0.000000000    
     4  0.5906297020       0.000000000    
     5  0.6480764497       0.000000000    
     6  0.7089727601       0.000000000    
     7  0.8259209663       0.000000000    
     8   1.037125503       0.000000000    
     9   1.118194743       0.000000000    
    10   1.151542720       0.000000000    


     4  0.2500000000      0.2500000000       0.000000000     : k-point, vkl
 (state, eigenvalue and occupancy below)
     1  -2.269970733       2.000000000    
     2  0.3748719978E-01   1.083333333    
     3  0.3394708466       0.000000000    
     4  0.4226362234       0.000000000    
     5  0.5805514501       0.000000000    
     6  0.8212414301       0.000000000    
     7  0.8513700107       0.000000000    
     8   1.013963832       0.000000000    
     9   1.014367009       0.000000000    
    10   1.145676060       0.000000000    


     5  0.2500000000      0.2500000000      0.2500000000     : k-point, vkl
 (state, eigenvalue and occupancy below)
     1  -2.269591563       2.000000000    
     2  0.2410308066       0.000000000    
     3  0.2413555849       0.000000000    
     4  0.2414231983       0.000000000    
     5  0.4343921072       0.000000000    
     6   1.050441500       0.000000000    
     7   1.056735537       0.000000000    
     8   1.057560028       0.000000000    
     9   1.228133518       0.000000000    
    10   1.228936017       0.000000000    


     6  0.7500000000      0.2500000000      0.2500000000     : k-point, vkl
 (state, eigenvalue and occupancy below)
     1  -2.276888085       2.000000000    
     2 -0.1449895436       2.000000000    
     3  0.4677714422       0.000000000    
     4  0.4678354403       0.000000000    
     5  0.5442400453       0.000000000    
     6  0.6238776763       0.000000000    
     7  0.9473943647       0.000000000    
     8  0.9475235479       0.000000000    
     9  0.9489094196       0.000000000    
    10   1.000720820       0.000000000    


     7  0.5000000000      0.5000000000      0.2500000000     : k-point, vkl
 (state, eigenvalue and occupancy below)
     1  -2.265256652       2.000000000    
     2  0.2174177414       0.000000000    
     3  0.2888437674       0.000000000    
     4  0.4244781345       0.000000000    
     5  0.5683850315       0.000000000    
     6  0.7044169993       0.000000000    
     7  0.7224398853       0.000000000    
     8  0.9294627929       0.000000000    
     9   1.051172029       0.000000000    
    10   1.310984431       0.000000000    


     8  0.5000000000      0.5000000000      0.5000000000     : k-point, vkl
 (state, eigenvalue and occupancy below)
     1  -2.266792556       2.000000000    
     2  0.4136545347       0.000000000    
     3  0.4137275993       0.000000000    
     4  0.4141051872       0.000000000    
     5  0.4908559282       0.000000000    
     6  0.4918701725       0.000000000    
     7  0.6932372888       0.000000000    
     8   1.248684636       0.000000000    
     9   1.282223654       0.000000000    
    10   1.288180264       0.000000000    

