   4.000000000     : gmaxrf
     141 : ngrf; G-vector index, ivg below
       1     0     0     0
       2    -1     0     1
       3     0     1     0
       4     0     1    -1
       5     1    -1     0
       6     1     0    -1
       7     0    -1     1
       8     0    -1     0
       9     1     0     0
      10    -1     1     0
      11     0     0    -1
      12    -1     0     0
      13     0     0     1
      14     1    -1    -1
      15    -1     1    -1
      16    -1     1     1
      17     1    -1     1
      18     1     1    -1
      19    -1    -1     1
      20    -2     0     1
      21     0    -1    -1
      22     0     1    -2
      23     2    -1     0
      24     2     0    -1
      25     1     1     0
      26     1    -2     1
      27    -1     2     0
      28    -2     1     0
      29    -1     0     2
      30     1     0     1
      31    -2     1     1
      32     0    -1     2
      33    -1     2    -1
      34     0     1     1
      35     0    -2     1
      36     1    -2     0
      37    -1    -1     2
      38     0     2    -1
      39    -1     0    -1
      40     1     0    -2
      41     1     1    -2
      42    -1    -1     0
      43     2    -1    -1
      44    -2     0     2
      45     2    -2     0
      46     0    -2     2
      47     2     0     0
      48     0    -2     0
      49     0     0     2
      50    -2     2     0
      51     2     0    -2
      52     0     2    -2
      53     0     0    -2
      54     0     2     0
      55    -2     0     0
      56     1    -2     2
      57     1    -1    -2
      58     1    -2    -1
      59    -2     2    -1
      60    -1    -2     1
      61    -1     1    -2
      62     2    -1     1
      63     2     1    -2
      64     1     2    -1
      65     2    -2    -1
      66    -1    -2     2
      67    -1     2    -2
      68     2    -1    -2
      69    -2     2     1
      70    -2    -1     2
      71    -2    -1     1
      72     1    -1     2
      73    -2     1     2
      74     2     1    -1
      75     2    -2     1
      76     1     2    -2
      77    -1     2     1
      78    -1     1     2
      79    -2     1    -1
      80     1    -3     1
      81     3    -1    -1
      82    -1     3    -1
      83    -1    -1     3
      84    -1    -1    -1
      85     1     1    -3
      86     1     1     1
      87    -3     1     1
      88    -2    -1     3
      89     0     3    -1
      90     3    -2    -1
      91    -2    -1     0
      92    -2     0    -1
      93    -2     3    -1
      94     1     0    -3
      95    -1     3    -2
      96    -1     0    -2
      97    -3     2     0
      98     0     3    -2
      99     3    -1    -2
     100     3    -1     0
     101    -2     3     0
     102     1     2    -3
     103    -3     0     2
     104     0    -2    -1
     105     2     1     0
     106     2     1    -3
     107     0     1     2
     108     1    -3     0
     109     0     2    -3
     110    -3     1     2
     111     2     0     1
     112     3    -2     0
     113     0    -1     3
     114    -3     1     0
     115     0    -3     1
     116     3     0    -1
     117     0    -2     3
     118     2     0    -3
     119    -1     0     3
     120     0     1    -3
     121    -3     2     1
     122     3     0    -2
     123     1     2     0
     124    -1    -2     3
     125     2    -3     1
     126     0     2     1
     127     1    -3     2
     128     0    -3     2
     129     0    -1    -2
     130     1     0     2
     131    -1    -2     0
     132    -2     0     3
     133    -3     0     1
     134    -1     3     0
     135     2    -3     0
     136     2    -2     2
     137    -2     2    -2
     138     2     2    -2
     139    -2    -2     2
     140    -2     2     2
     141     2    -2    -2
