 -00000107  00000110
 -00000106  00000111
 -00000105  00000112
 -00000104  00000113
 -00000103  00000114
 -00000102  00000115
 -00000101  00000116
 -00000100  00000117
 -00000099  00000118
 -00000098  00000119
 -00000097  00000120
 -00000096  00000121
 -00000095  00000122
 -00000094  00000123
 -00000093  00000124
 -00000092  00000125
 -00000091  00000126
 -00000090  00000127
 -00000089  00000128
 -00000088  00000129
 -00000087  00000130
 -00000086  00000131
 -00000085  00000132
 -00000084  00000133
 -00000083  00000134
 -00000082  00000135
 -00000081  00000136
 -00000080  00000137
 -00000079  00000138
 -00000078  00000139
 -00000077  00000140
 -00000076  00000141
 -00000075  00000142
 -00000074  00000143
 -00000073  00000144
 -00000072  00000145
 -00000071  00000146
 -00000070  00000147
 -00000069  00000148
 -00000068  00000149
 -00000067  00000150
 -00000066  00000151
 -00000065  00000152
 -00000064  00000153
 -00000063  00000154
 -00000062  00000155
 -00000061  00000156
 -00000060  00000157
 -00000059  00000158
 -00000058  00000159
 -00000057  00000160
 -00000056  00000161
 -00000055  00000162
 -00000054  00000163
 -00000053  00000164
 -00000052  00000165
 -00000051  00000166
 -00000050  00000167
 -00000049  00000168
 -00000048  00000169
 -00000047  00000170
 -00000046  00000171
 -00000045  00000172
 -00000044  00000173
 -00000043  00000174
 -00000042  00000175
 -00000041  00000176
 -00000040  00000177
 -00000039  00000178
 -00000038  00000179
 -00000037  00000180
 -00000036  00000181
 -00000035  00000182
 -00000034  00000183
 -00000033  00000184
 -00000032  00000185
 -00000031  00000186
 -00000030  00000187
 -00000029  00000188
 -00000028  00000189
 -00000027  00000190
 -00000026  00000191
 -00000025  00000192
 -00000024  00000193
 -00000023  00000194
 -00000022  00000195
 -00000021  00000196
 -00000020  00000197
 -00000019  00000198
 -00000018  00000199
 -00000017  00000200
 -00000016  00000201
 -00000015  00000202
 -00000014  00000203
 -00000013  00000204
 -00000012  00000205
 -00000011  00000206
 -00000010  00000207
 -00000009  00000208
 -00000008  00000209
 -00000007  00000210
 -00000006  00000211
 -00000005  00000212
 -00000004  00000213
 -00000003  00000214
 -00000002  00000215
 -00000001  00000216
  00000000  00000001
  00000001  00000002
  00000002  00000003
  00000003  00000004
  00000004  00000005
  00000005  00000006
  00000006  00000007
  00000007  00000008
  00000008  00000009
  00000009  00000010
  00000010  00000011
  00000011  00000012
  00000012  00000013
  00000013  00000014
  00000014  00000015
  00000015  00000016
  00000016  00000017
  00000017  00000018
  00000018  00000019
  00000019  00000020
  00000020  00000021
  00000021  00000022
  00000022  00000023
  00000023  00000024
  00000024  00000025
  00000025  00000026
  00000026  00000027
  00000027  00000028
  00000028  00000029
  00000029  00000030
  00000030  00000031
  00000031  00000032
  00000032  00000033
  00000033  00000034
  00000034  00000035
  00000035  00000036
  00000036  00000037
  00000037  00000038
  00000038  00000039
  00000039  00000040
  00000040  00000041
  00000041  00000042
  00000042  00000043
  00000043  00000044
  00000044  00000045
  00000045  00000046
  00000046  00000047
  00000047  00000048
  00000048  00000049
  00000049  00000050
  00000050  00000051
  00000051  00000052
  00000052  00000053
  00000053  00000054
  00000054  00000055
  00000055  00000056
  00000056  00000057
  00000057  00000058
  00000058  00000059
  00000059  00000060
  00000060  00000061
  00000061  00000062
  00000062  00000063
  00000063  00000064
  00000064  00000065
  00000065  00000066
  00000066  00000067
  00000067  00000068
  00000068  00000069
  00000069  00000070
  00000070  00000071
  00000071  00000072
  00000072  00000073
  00000073  00000074
  00000074  00000075
  00000075  00000076
  00000076  00000077
  00000077  00000078
  00000078  00000079
  00000079  00000080
  00000080  00000081
  00000081  00000082
  00000082  00000083
  00000083  00000084
  00000084  00000085
  00000085  00000086
  00000086  00000087
  00000087  00000088
  00000088  00000089
  00000089  00000090
  00000090  00000091
  00000091  00000092
  00000092  00000093
  00000093  00000094
  00000094  00000095
  00000095  00000096
  00000096  00000097
  00000097  00000098
  00000098  00000099
  00000099  00000100
  00000100  00000101
  00000101  00000102
  00000102  00000103
  00000103  00000104
  00000104  00000105
  00000105  00000106
  00000106  00000107
  00000107  00000108
  00000108  00000109
