   0.000000000      -2.129050036    
   0.000000000      -2.089254708    
   0.000000000      -2.049459380    
   0.000000000      -2.009664052    
   0.000000000      -1.969868725    
   0.000000000      -1.930073397    
   0.000000000      -1.890278069    
   0.000000000      -1.850482741    
   0.000000000      -1.810687414    
   0.000000000      -1.770892086    
   0.000000000      -1.731096758    
   0.000000000      -1.691301430    
   0.000000000      -1.651506103    
   0.000000000      -1.611710775    
   0.000000000      -1.571915447    
   0.000000000      -1.532120119    
   0.000000000      -1.492324791    
   0.000000000      -1.452529464    
   0.000000000      -1.412734136    
   0.000000000      -1.372938808    
   0.000000000      -1.333143480    
   0.000000000      -1.293348153    
   0.000000000      -1.253552825    
   0.000000000      -1.213757497    
   0.000000000      -1.173962169    
   0.000000000      -1.134166842    
   0.000000000      -1.094371514    
   0.000000000      -1.054576186    
   0.000000000      -1.014780858    
   0.000000000     -0.9749855304    
   0.000000000     -0.9351902026    
   0.000000000     -0.8953948749    
   0.000000000     -0.8555995471    
   0.000000000     -0.8158042193    
   0.000000000     -0.7760088916    
   0.000000000     -0.7362135638    
   0.000000000     -0.6964182360    
   0.000000000     -0.6566229082    
   0.000000000     -0.6168275805    
   0.000000000     -0.5770322527    
   0.000000000     -0.5372369249    
   0.000000000     -0.4974415972    
   0.000000000     -0.4576462694    
   0.000000000     -0.4178509416    
   0.000000000     -0.3780556138    
   0.000000000     -0.3382602861    
   0.000000000     -0.2984649583    
   0.000000000     -0.2586696305    
   0.000000000     -0.2188743027    
   0.000000000     -0.1790789750    
   0.000000000     -0.1392836472    
   0.000000000     -0.9948831943E-01
   0.000000000     -0.5969299166E-01
   0.000000000     -0.1989766389E-01
   0.000000000      0.1989766389E-01
   0.000000000      0.5969299166E-01
   0.000000000      0.9948831943E-01
   0.000000000      0.1392836472    
   0.000000000      0.1790789750    
   0.000000000      0.2188743027    
   0.000000000      0.2586696305    
   0.000000000      0.2984649583    
   0.000000000      0.3382602861    
   0.000000000      0.3780556138    
   0.000000000      0.4178509416    
   0.000000000      0.4576462694    
   0.000000000      0.4974415972    
   0.000000000      0.5372369249    
   0.000000000      0.5770322527    
   0.000000000      0.6168275805    
   0.000000000      0.6566229082    
   0.000000000      0.6964182360    
   0.000000000      0.7362135638    
   0.000000000      0.7760088916    
   0.000000000      0.8158042193    
   0.000000000      0.8555995471    
   0.000000000      0.8953948749    
   0.000000000      0.9351902026    
   0.000000000      0.9749855304    
   0.000000000       1.014780858    
   0.000000000       1.054576186    
   0.000000000       1.094371514    
   0.000000000       1.134166842    
   0.000000000       1.173962169    
   0.000000000       1.213757497    
   0.000000000       1.253552825    
   0.000000000       1.293348153    
   0.000000000       1.333143480    
   0.000000000       1.372938808    
   0.000000000       1.412734136    
   0.000000000       1.452529464    
   0.000000000       1.492324791    
   0.000000000       1.532120119    
   0.000000000       1.571915447    
   0.000000000       1.611710775    
   0.000000000       1.651506103    
   0.000000000       1.691301430    
   0.000000000       1.731096758    
   0.000000000       1.770892086    
   0.000000000       1.810687414    
   0.000000000       1.850482741    
   0.000000000       1.890278069    
   0.000000000       1.930073397    
   0.000000000       1.969868725    
   0.000000000       2.009664052    
   0.000000000       2.049459380    
   0.000000000       2.089254708    
   0.000000000       2.129050036    
