 -00000107  -2.129050036    
 -00000106  -2.109152372    
 -00000105  -2.089254708    
 -00000104  -2.069357044    
 -00000103  -2.049459380    
 -00000102  -2.029561716    
 -00000101  -2.009664052    
 -00000100  -1.989766389    
 -00000099  -1.969868725    
 -00000098  -1.949971061    
 -00000097  -1.930073397    
 -00000096  -1.910175733    
 -00000095  -1.890278069    
 -00000094  -1.870380405    
 -00000093  -1.850482741    
 -00000092  -1.830585078    
 -00000091  -1.810687414    
 -00000090  -1.790789750    
 -00000089  -1.770892086    
 -00000088  -1.750994422    
 -00000087  -1.731096758    
 -00000086  -1.711199094    
 -00000085  -1.691301430    
 -00000084  -1.671403766    
 -00000083  -1.651506103    
 -00000082  -1.631608439    
 -00000081  -1.611710775    
 -00000080  -1.591813111    
 -00000079  -1.571915447    
 -00000078  -1.552017783    
 -00000077  -1.532120119    
 -00000076  -1.512222455    
 -00000075  -1.492324791    
 -00000074  -1.472427128    
 -00000073  -1.452529464    
 -00000072  -1.432631800    
 -00000071  -1.412734136    
 -00000070  -1.392836472    
 -00000069  -1.372938808    
 -00000068  -1.353041144    
 -00000067  -1.333143480    
 -00000066  -1.313245816    
 -00000065  -1.293348153    
 -00000064  -1.273450489    
 -00000063  -1.253552825    
 -00000062  -1.233655161    
 -00000061  -1.213757497    
 -00000060  -1.193859833    
 -00000059  -1.173962169    
 -00000058  -1.154064505    
 -00000057  -1.134166842    
 -00000056  -1.114269178    
 -00000055  -1.094371514    
 -00000054  -1.074473850    
 -00000053  -1.054576186    
 -00000052  -1.034678522    
 -00000051  -1.014780858    
 -00000050 -0.9948831943    
 -00000049 -0.9749855304    
 -00000048 -0.9550878665    
 -00000047 -0.9351902026    
 -00000046 -0.9152925388    
 -00000045 -0.8953948749    
 -00000044 -0.8754972110    
 -00000043 -0.8555995471    
 -00000042 -0.8357018832    
 -00000041 -0.8158042193    
 -00000040 -0.7959065554    
 -00000039 -0.7760088916    
 -00000038 -0.7561112277    
 -00000037 -0.7362135638    
 -00000036 -0.7163158999    
 -00000035 -0.6964182360    
 -00000034 -0.6765205721    
 -00000033 -0.6566229082    
 -00000032 -0.6367252444    
 -00000031 -0.6168275805    
 -00000030 -0.5969299166    
 -00000029 -0.5770322527    
 -00000028 -0.5571345888    
 -00000027 -0.5372369249    
 -00000026 -0.5173392610    
 -00000025 -0.4974415972    
 -00000024 -0.4775439333    
 -00000023 -0.4576462694    
 -00000022 -0.4377486055    
 -00000021 -0.4178509416    
 -00000020 -0.3979532777    
 -00000019 -0.3780556138    
 -00000018 -0.3581579499    
 -00000017 -0.3382602861    
 -00000016 -0.3183626222    
 -00000015 -0.2984649583    
 -00000014 -0.2785672944    
 -00000013 -0.2586696305    
 -00000012 -0.2387719666    
 -00000011 -0.2188743027    
 -00000010 -0.1989766389    
 -00000009 -0.1790789750    
 -00000008 -0.1591813111    
 -00000007 -0.1392836472    
 -00000006 -0.1193859833    
 -00000005 -0.9948831943E-01
 -00000004 -0.7959065554E-01
 -00000003 -0.5969299166E-01
 -00000002 -0.3979532777E-01
 -00000001 -0.1989766389E-01
  00000000   0.000000000    
  00000001  0.1989766389E-01
  00000002  0.3979532777E-01
  00000003  0.5969299166E-01
  00000004  0.7959065554E-01
  00000005  0.9948831943E-01
  00000006  0.1193859833    
  00000007  0.1392836472    
  00000008  0.1591813111    
  00000009  0.1790789750    
  00000010  0.1989766389    
  00000011  0.2188743027    
  00000012  0.2387719666    
  00000013  0.2586696305    
  00000014  0.2785672944    
  00000015  0.2984649583    
  00000016  0.3183626222    
  00000017  0.3382602861    
  00000018  0.3581579499    
  00000019  0.3780556138    
  00000020  0.3979532777    
  00000021  0.4178509416    
  00000022  0.4377486055    
  00000023  0.4576462694    
  00000024  0.4775439333    
  00000025  0.4974415972    
  00000026  0.5173392610    
  00000027  0.5372369249    
  00000028  0.5571345888    
  00000029  0.5770322527    
  00000030  0.5969299166    
  00000031  0.6168275805    
  00000032  0.6367252444    
  00000033  0.6566229082    
  00000034  0.6765205721    
  00000035  0.6964182360    
  00000036  0.7163158999    
  00000037  0.7362135638    
  00000038  0.7561112277    
  00000039  0.7760088916    
  00000040  0.7959065554    
  00000041  0.8158042193    
  00000042  0.8357018832    
  00000043  0.8555995471    
  00000044  0.8754972110    
  00000045  0.8953948749    
  00000046  0.9152925388    
  00000047  0.9351902026    
  00000048  0.9550878665    
  00000049  0.9749855304    
  00000050  0.9948831943    
  00000051   1.014780858    
  00000052   1.034678522    
  00000053   1.054576186    
  00000054   1.074473850    
  00000055   1.094371514    
  00000056   1.114269178    
  00000057   1.134166842    
  00000058   1.154064505    
  00000059   1.173962169    
  00000060   1.193859833    
  00000061   1.213757497    
  00000062   1.233655161    
  00000063   1.253552825    
  00000064   1.273450489    
  00000065   1.293348153    
  00000066   1.313245816    
  00000067   1.333143480    
  00000068   1.353041144    
  00000069   1.372938808    
  00000070   1.392836472    
  00000071   1.412734136    
  00000072   1.432631800    
  00000073   1.452529464    
  00000074   1.472427128    
  00000075   1.492324791    
  00000076   1.512222455    
  00000077   1.532120119    
  00000078   1.552017783    
  00000079   1.571915447    
  00000080   1.591813111    
  00000081   1.611710775    
  00000082   1.631608439    
  00000083   1.651506103    
  00000084   1.671403766    
  00000085   1.691301430    
  00000086   1.711199094    
  00000087   1.731096758    
  00000088   1.750994422    
  00000089   1.770892086    
  00000090   1.790789750    
  00000091   1.810687414    
  00000092   1.830585078    
  00000093   1.850482741    
  00000094   1.870380405    
  00000095   1.890278069    
  00000096   1.910175733    
  00000097   1.930073397    
  00000098   1.949971061    
  00000099   1.969868725    
  00000100   1.989766389    
  00000101   2.009664052    
  00000102   2.029561716    
  00000103   2.049459380    
  00000104   2.069357044    
  00000105   2.089254708    
  00000106   2.109152372    
  00000107   2.129050036    
  00000108   2.148947700    
