
+----------------------------+
| Real-space lattice vectors |
+----------------------------+

vector a1 :    3.311300000       3.311300000      -3.311300000    
vector a2 :    3.311300000      -3.311300000       3.311300000    
vector a3 :   -3.311300000       3.311300000       3.311300000    

Stored column-wise as a matrix :
   3.311300000       3.311300000      -3.311300000    
   3.311300000      -3.311300000       3.311300000    
  -3.311300000       3.311300000       3.311300000    

Inverse of matrix :
  0.1509980974      0.1509980974      -0.000000000    
  0.1509980974      -0.000000000      0.1509980974    
  -0.000000000      0.1509980974      0.1509980974    

Unit cell volume :    145.2297463    


+----------------------------------+
| Reciprocal-space lattice vectors |
+----------------------------------+

vector b1 :   0.9487490271      0.9487490271      -0.000000000    
vector b2 :   0.9487490271      -0.000000000      0.9487490271    
vector b3 :   -0.000000000      0.9487490271      0.9487490271    

Stored column-wise as a matrix :
  0.9487490271      0.9487490271      -0.000000000    
  0.9487490271      -0.000000000      0.9487490271    
  -0.000000000      0.9487490271      0.9487490271    

Inverse of matrix :
  0.5270097631      0.5270097631     -0.5270097631    
  0.5270097631     -0.5270097631      0.5270097631    
 -0.5270097631      0.5270097631      0.5270097631    

Brillouin zone volume :    1.707984898    
